Release 14.7 - xst P.20131013 (nt64)
Copyright (c) 1995-2013 Xilinx, Inc.  All rights reserved.
--> Parameter TMPDIR set to xst/projnav.tmp


Total REAL time to Xst completion: 0.00 secs
Total CPU time to Xst completion: 0.08 secs
 
--> Parameter xsthdpdir set to xst


Total REAL time to Xst completion: 0.00 secs
Total CPU time to Xst completion: 0.08 secs
 
--> Reading design: led.prj

TABLE OF CONTENTS
  1) Synthesis Options Summary
  2) HDL Parsing
  3) HDL Elaboration
  4) HDL Synthesis
       4.1) HDL Synthesis Report
  5) Advanced HDL Synthesis
       5.1) Advanced HDL Synthesis Report
  6) Low Level Synthesis
  7) Partition Report
  8) Design Summary
       8.1) Primitive and Black Box Usage
       8.2) Device utilization summary
       8.3) Partition Resource Summary
       8.4) Timing Report
            8.4.1) Clock Information
            8.4.2) Asynchronous Control Signals Information
            8.4.3) Timing Summary
            8.4.4) Timing Details
            8.4.5) Cross Clock Domains Report


=========================================================================
*                      Synthesis Options Summary                        *
=========================================================================
---- Source Parameters
Input File Name                    : "led.prj"
Ignore Synthesis Constraint File   : NO

---- Target Parameters
Output File Name                   : "led"
Output Format                      : NGC
Target Device                      : xc6slx4-3-tqg144

---- Source Options
Top Module Name                    : led
Automatic FSM Extraction           : YES
FSM Encoding Algorithm             : Auto
Safe Implementation                : No
FSM Style                          : LUT
RAM Extraction                     : Yes
RAM Style                          : Auto
ROM Extraction                     : Yes
Shift Register Extraction          : YES
ROM Style                          : Auto
Resource Sharing                   : YES
Asynchronous To Synchronous        : NO
Shift Register Minimum Size        : 2
Use DSP Block                      : Auto
Automatic Register Balancing       : No

---- Target Options
LUT Combining                      : Auto
Reduce Control Sets                : Auto
Add IO Buffers                     : YES
Global Maximum Fanout              : 100000
Add Generic Clock Buffer(BUFG)     : 16
Register Duplication               : YES
Optimize Instantiated Primitives   : NO
Use Clock Enable                   : Auto
Use Synchronous Set                : Auto
Use Synchronous Reset              : Auto
Pack IO Registers into IOBs        : Auto
Equivalent register Removal        : YES

---- General Options
Optimization Goal                  : Speed
Optimization Effort                : 1
Power Reduction                    : NO
Keep Hierarchy                     : No
Netlist Hierarchy                  : As_Optimized
RTL Output                         : Yes
Global Optimization                : AllClockNets
Read Cores                         : YES
Write Timing Constraints           : NO
Cross Clock Analysis               : NO
Hierarchy Separator                : /
Bus Delimiter                      : <>
Case Specifier                     : Maintain
Slice Utilization Ratio            : 100
BRAM Utilization Ratio             : 100
DSP48 Utilization Ratio            : 100
Auto BRAM Packing                  : NO
Slice Utilization Ratio Delta      : 5

=========================================================================


=========================================================================
*                          HDL Parsing                                  *
=========================================================================
Parsing VHDL file "D:\226821\uC_led_wyswietlacz\transkoder.vhd" into library work
Parsing entity <transkoder>.
Parsing architecture <Behavioral> of entity <transkoder>.
Parsing VHDL file "D:\226821\uC_led_wyswietlacz\mux2.vhd" into library work
Parsing entity <mux2>.
Parsing architecture <Behavioral> of entity <mux2>.
Parsing VHDL file "D:\226821\uC_led_wyswietlacz\mux1.vhd" into library work
Parsing entity <mux1>.
Parsing architecture <Behavioral> of entity <mux1>.
Parsing VHDL file "D:\226821\uC_led_wyswietlacz\licznik.vhd" into library work
Parsing entity <licznik>.
Parsing architecture <Behavioral> of entity <licznik>.
Parsing VHDL file "D:\226821\uC_led_wyswietlacz\BINTO7SEG.vhd" into library work
Parsing entity <BINTO7SEG>.
Parsing architecture <Behavioral> of entity <binto7seg>.
Parsing VHDL file "D:\226821\uC_led_wyswietlacz\sterownik.vhd" into library work
Parsing entity <sterownik>.
Parsing architecture <Behavioral> of entity <sterownik>.
Parsing VHDL file "D:\226821\uC_led_wyswietlacz\basic_cpu.vhd" into library work
Parsing entity <basic_cpu>.
Parsing architecture <Behavioral> of entity <basic_cpu>.
Parsing VHDL file "D:\226821\uC_led_wyswietlacz\led.vhd" into library work
Parsing entity <led>.
Parsing architecture <Behavioral> of entity <led>.

=========================================================================
*                            HDL Elaboration                            *
=========================================================================

Elaborating entity <led> (architecture <Behavioral>) from library <work>.

Elaborating entity <sterownik> (architecture <Behavioral>) from library <work>.

Elaborating entity <licznik> (architecture <Behavioral>) from library <work>.

Elaborating entity <mux1> (architecture <Behavioral>) from library <work>.

Elaborating entity <mux2> (architecture <Behavioral>) from library <work>.

Elaborating entity <BINTO7SEG> (architecture <Behavioral>) from library <work>.

Elaborating entity <transkoder> (architecture <Behavioral>) from library <work>.

Elaborating entity <basic_cpu> (architecture <Behavioral>) with generics from library <work>.
WARNING:HDLCompiler:92 - "D:\226821\uC_led_wyswietlacz\basic_cpu.vhd" Line 95: io should be on the sensitivity list of the process
WARNING:HDLCompiler:871 - "D:\226821\uC_led_wyswietlacz\basic_cpu.vhd" Line 95: Using initial value 0 for sys_prs since it is never assigned
WARNING:HDLCompiler:92 - "D:\226821\uC_led_wyswietlacz\basic_cpu.vhd" Line 113: io should be on the sensitivity list of the process
WARNING:HDLCompiler:871 - "D:\226821\uC_led_wyswietlacz\basic_cpu.vhd" Line 114: Using initial value 0 for tim_prs_int since it is never assigned
WARNING:HDLCompiler:1127 - "D:\226821\uC_led_wyswietlacz\basic_cpu.vhd" Line 112: Assignment to prs_tim_clock ignored, since the identifier is never used
WARNING:HDLCompiler:92 - "D:\226821\uC_led_wyswietlacz\basic_cpu.vhd" Line 132: io_perp_save_en should be on the sensitivity list of the process
WARNING:HDLCompiler:92 - "D:\226821\uC_led_wyswietlacz\basic_cpu.vhd" Line 133: reset_cpu should be on the sensitivity list of the process
WARNING:HDLCompiler:92 - "D:\226821\uC_led_wyswietlacz\basic_cpu.vhd" Line 135: clk_in should be on the sensitivity list of the process
WARNING:HDLCompiler:92 - "D:\226821\uC_led_wyswietlacz\basic_cpu.vhd" Line 158: pc should be on the sensitivity list of the process
WARNING:HDLCompiler:92 - "D:\226821\uC_led_wyswietlacz\basic_cpu.vhd" Line 162: reset_cpu should be on the sensitivity list of the process
ERROR:HDLCompiler:1401 - "D:\226821\uC_led_wyswietlacz\basic_cpu.vhd" Line 133: Signal IO[3][7] in unit basic_cpu(256,64,8,31) is connected to following multiple drivers:
Driver 0: output signal IO[3][7] of instance Flip-flop (IO[3]).
Driver 1: output signal IO[3][7] of instance Flip-flop (_i000218).
Driver 0: output signal IO[3][6] of instance Flip-flop (IO[3]).
Driver 1: output signal IO[3][6] of instance Flip-flop (_i000218).
Driver 0: output signal IO[3][5] of instance Flip-flop (IO[3]).
Driver 1: output signal IO[3][5] of instance Flip-flop (_i000218).
Driver 0: output signal IO[3][4] of instance Flip-flop (IO[3]).
Driver 1: output signal IO[3][4] of instance Flip-flop (_i000218).
Driver 0: output signal IO[3][3] of instance Flip-flop (IO[3]).
Driver 1: output signal IO[3][3] of instance Flip-flop (_i000218).
Driver 0: output signal IO[3][2] of instance Flip-flop (IO[3]).
Driver 1: output signal IO[3][2] of instance Flip-flop (_i000218).
Driver 0: output signal IO[3][1] of instance Flip-flop (IO[3]).
Driver 1: output signal IO[3][1] of instance Flip-flop (_i000218).
Driver 0: output signal IO[3][0] of instance Flip-flop (IO[3]).
Driver 1: output signal IO[3][0] of instance Flip-flop (_i000218).
Driver 0: output signal IO[7][1] of instance Flip-flop (IO[7]).
Driver 1: output signal IO[7][1] of instance Flip-Flop (IO[7][1]).
Netlist led(Behavioral) remains a blackbox, due to errors in its contents
--> 

Total memory usage is 218828 kilobytes

Number of errors   :    1 (   0 filtered)
Number of warnings :   10 (   0 filtered)
Number of infos    :    0 (   0 filtered)

